# JRE version: OpenJDK Runtime Environment GraalVM CE 22.3.0 (17.0.5+8) (build 17.0.5+8-jvmci-22.3-b08)
# Java VM: OpenJDK 64-Bit Server VM GraalVM CE 22.3.0 (17.0.5+8-jvmci-22.3-b08, mixed mode, sharing, tiered, jvmci, jvmci compiler, compressed oops, compressed class ptrs, parallel gc, linux-amd64)
GC Precious Log:
 CPUs: 8 total, 1 available
 Memory: 1024M
 Large Page Support: Disabled
 NUMA Support: Disabled
 Compressed Oops: Enabled (32-bit)
 Alignments: Space 512K, Generation 512K, Heap 2M
 Heap Min Capacity: 100M
 Heap Initial Capacity: 100M
 Heap Max Capacity: 512M
 Pre-touch: Disabled
 Parallel Workers: 1
Heap:
 PSYoungGen      total 40448K, used 24576K [0x00000000f5580000, 0x00000000f8f00000, 0x0000000100000000)
  eden space 24576K, 100% used [0x00000000f5580000,0x00000000f6d80000,0x00000000f6d80000)
  from space 15872K, 0% used [0x00000000f7f00000,0x00000000f7f00000,0x00000000f8e80000)
  to   space 16896K, 0% used [0x00000000f6d80000,0x00000000f6d80000,0x00000000f7e00000)
 ParOldGen       total 349696K, used 349695K [0x00000000e0000000, 0x00000000f5580000, 0x00000000f5580000)
  object space 349696K, 99% used [0x00000000e0000000,0x00000000f557ffe8,0x00000000f5580000)
 Metaspace       used 56717K, committed 57600K, reserved 1105920K
  class space    used 5339K, committed 5696K, reserved 1048576K
GC Heap History (20 events):
Event: 1840.964 GC heap before
{Heap before GC invocations=1441 (full 1356):
 PSYoungGen      total 40448K, used 24575K [0x00000000f5580000, 0x00000000f8f00000, 0x0000000100000000)
  eden space 24576K, 99% used [0x00000000f5580000,0x00000000f6d7fff8,0x00000000f6d80000)
  from space 15872K, 0% used [0x00000000f7f00000,0x00000000f7f00000,0x00000000f8e80000)
  to   space 16896K, 0% used [0x00000000f6d80000,0x00000000f6d80000,0x00000000f7e00000)
 ParOldGen       total 349696K, used 349686K [0x00000000e0000000, 0x00000000f5580000, 0x00000000f5580000)
  object space 349696K, 99% used [0x00000000e0000000,0x00000000f557d8f0,0x00000000f5580000)
 Metaspace       used 56717K, committed 57600K, reserved 1105920K
  class space    used 5339K, committed 5696K, reserved 1048576K
}
Event: 1842.333 GC heap after
{Heap after GC invocations=1441 (full 1356):
 PSYoungGen      total 41472K, used 24575K [0x00000000f5580000, 0x00000000f8f00000, 0x0000000100000000)
  eden space 24576K, 99% used [0x00000000f5580000,0x00000000f6d7fff8,0x00000000f6d80000)
  from space 16896K, 0% used [0x00000000f6d80000,0x00000000f6d80000,0x00000000f7e00000)
  to   space 15872K, 0% used [0x00000000f7f00000,0x00000000f7f00000,0x00000000f8e80000)
 ParOldGen       total 349696K, used 349686K [0x00000000e0000000, 0x00000000f5580000, 0x00000000f5580000)
  object space 349696K, 99% used [0x00000000e0000000,0x00000000f557d8f0,0x00000000f5580000)
 Metaspace       used 56717K, committed 57600K, reserved 1105920K
  class space    used 5339K, committed 5696K, reserved 1048576K
}
Event: 1842.350 GC heap before
{Heap before GC invocations=1442 (full 1357):
 PSYoungGen      total 41472K, used 24575K [0x00000000f5580000, 0x00000000f8f00000, 0x0000000100000000)
  eden space 24576K, 99% used [0x00000000f5580000,0x00000000f6d7fff8,0x00000000f6d80000)
  from space 16896K, 0% used [0x00000000f6d80000,0x00000000f6d80000,0x00000000f7e00000)
  to   space 15872K, 0% used [0x00000000f7f00000,0x00000000f7f00000,0x00000000f8e80000)
 ParOldGen       total 349696K, used 349688K [0x00000000e0000000, 0x00000000f5580000, 0x00000000f5580000)
  object space 349696K, 99% used [0x00000000e0000000,0x00000000f557e1e8,0x00000000f5580000)
 Metaspace       used 56717K, committed 57600K, reserved 1105920K
  class space    used 5339K, committed 5696K, reserved 1048576K
}
Event: 1843.769 GC heap after
{Heap after GC invocations=1442 (full 1357):
 PSYoungGen      total 40448K, used 24575K [0x00000000f5580000, 0x00000000f8f00000, 0x0000000100000000)
  eden space 24576K, 99% used [0x00000000f5580000,0x00000000f6d7ffe0,0x00000000f6d80000)
  from space 15872K, 0% used [0x00000000f7f00000,0x00000000f7f00000,0x00000000f8e80000)
  to   space 16896K, 0% used [0x00000000f6d80000,0x00000000f6d80000,0x00000000f7e00000)
 ParOldGen       total 349696K, used 349687K [0x00000000e0000000, 0x00000000f5580000, 0x00000000f5580000)
  object space 349696K, 99% used [0x00000000e0000000,0x00000000f557de10,0x00000000f5580000)
 Metaspace       used 56717K, committed 57600K, reserved 1105920K
  class space    used 5339K, committed 5696K, reserved 1048576K
}
Event: 1843.771 GC heap before
{Heap before GC invocations=1443 (full 1358):
 PSYoungGen      total 40448K, used 24576K [0x00000000f5580000, 0x00000000f8f00000, 0x0000000100000000)
  eden space 24576K, 100% used [0x00000000f5580000,0x00000000f6d80000,0x00000000f6d80000)
  from space 15872K, 0% used [0x00000000f7f00000,0x00000000f7f00000,0x00000000f8e80000)
  to   space 16896K, 0% used [0x00000000f6d80000,0x00000000f6d80000,0x00000000f7e00000)
 ParOldGen       total 349696K, used 349687K [0x00000000e0000000, 0x00000000f5580000, 0x00000000f5580000)
  object space 349696K, 99% used [0x00000000e0000000,0x00000000f557de10,0x00000000f5580000)
 Metaspace       used 56717K, committed 57600K, reserved 1105920K
  class space    used 5339K, committed 5696K, reserved 1048576K
}
Event: 1845.046 GC heap after
{Heap after GC invocations=1443 (full 1358):
 PSYoungGen      total 41472K, used 24576K [0x00000000f5580000, 0x00000000f8f00000, 0x0000000100000000)
  eden space 24576K, 100% used [0x00000000f5580000,0x00000000f6d80000,0x00000000f6d80000)
  from space 16896K, 0% used [0x00000000f6d80000,0x00000000f6d80000,0x00000000f7e00000)
  to   space 15872K, 0% used [0x00000000f7f00000,0x00000000f7f00000,0x00000000f8e80000)
 ParOldGen       total 349696K, used 349687K [0x00000000e0000000, 0x00000000f5580000, 0x00000000f5580000)
  object space 349696K, 99% used [0x00000000e0000000,0x00000000f557de10,0x00000000f5580000)
 Metaspace       used 56717K, committed 57600K, reserved 1105920K
  class space    used 5339K, committed 5696K, reserved 1048576K
}
Event: 1845.046 GC heap before
{Heap before GC invocations=1444 (full 1359):
 PSYoungGen      total 41472K, used 24576K [0x00000000f5580000, 0x00000000f8f00000, 0x0000000100000000)
  eden space 24576K, 100% used [0x00000000f5580000,0x00000000f6d80000,0x00000000f6d80000)
  from space 16896K, 0% used [0x00000000f6d80000,0x00000000f6d80000,0x00000000f7e00000)
  to   space 15872K, 0% used [0x00000000f7f00000,0x00000000f7f00000,0x00000000f8e80000)
 ParOldGen       total 349696K, used 349689K [0x00000000e0000000, 0x00000000f5580000, 0x00000000f5580000)
  object space 349696K, 99% used [0x00000000e0000000,0x00000000f557e798,0x00000000f5580000)
 Metaspace       used 56717K, committed 57600K, reserved 1105920K
  class space    used 5339K, committed 5696K, reserved 1048576K
}
Event: 1846.331 GC heap after
{Heap after GC invocations=1444 (full 1359):
 PSYoungGen      total 40448K, used 24576K [0x00000000f5580000, 0x00000000f8f00000, 0x0000000100000000)
  eden space 24576K, 100% used [0x00000000f5580000,0x00000000f6d80000,0x00000000f6d80000)
  from space 15872K, 0% used [0x00000000f7f00000,0x00000000f7f00000,0x00000000f8e80000)
  to   space 16896K, 0% used [0x00000000f6d80000,0x00000000f6d80000,0x00000000f7e00000)
 ParOldGen       total 349696K, used 349689K [0x00000000e0000000, 0x00000000f5580000, 0x00000000f5580000)
  object space 349696K, 99% used [0x00000000e0000000,0x00000000f557e600,0x00000000f5580000)
 Metaspace       used 56717K, committed 57600K, reserved 1105920K
  class space    used 5339K, committed 5696K, reserved 1048576K
}
Event: 1846.331 GC heap before
{Heap before GC invocations=1445 (full 1360):
 PSYoungGen      total 40448K, used 24576K [0x00000000f5580000, 0x00000000f8f00000, 0x0000000100000000)
  eden space 24576K, 100% used [0x00000000f5580000,0x00000000f6d80000,0x00000000f6d80000)
  from space 15872K, 0% used [0x00000000f7f00000,0x00000000f7f00000,0x00000000f8e80000)
  to   space 16896K, 0% used [0x00000000f6d80000,0x00000000f6d80000,0x00000000f7e00000)
 ParOldGen       total 349696K, used 349691K [0x00000000e0000000, 0x00000000f5580000, 0x00000000f5580000)
  object space 349696K, 99% used [0x00000000e0000000,0x00000000f557ee00,0x00000000f5580000)
 Metaspace       used 56717K, committed 57600K, reserved 1105920K
  class space    used 5339K, committed 5696K, reserved 1048576K
}
Event: 1847.837 GC heap after
{Heap after GC invocations=1445 (full 1360):
 PSYoungGen      total 41472K, used 24576K [0x00000000f5580000, 0x00000000f8f00000, 0x0000000100000000)
  eden space 24576K, 100% used [0x00000000f5580000,0x00000000f6d80000,0x00000000f6d80000)
  from space 16896K, 0% used [0x00000000f6d80000,0x00000000f6d80000,0x00000000f7e00000)
  to   space 15872K, 0% used [0x00000000f7f00000,0x00000000f7f00000,0x00000000f8e80000)
 ParOldGen       total 349696K, used 349691K [0x00000000e0000000, 0x00000000f5580000, 0x00000000f5580000)
  object space 349696K, 99% used [0x00000000e0000000,0x00000000f557ede0,0x00000000f5580000)
 Metaspace       used 56717K, committed 57600K, reserved 1105920K
  class space    used 5339K, committed 5696K, reserved 1048576K
}
Event: 1847.843 GC heap before
{Heap before GC invocations=1446 (full 1361):
 PSYoungGen      total 41472K, used 24576K [0x00000000f5580000, 0x00000000f8f00000, 0x0000000100000000)
  eden space 24576K, 100% used [0x00000000f5580000,0x00000000f6d80000,0x00000000f6d80000)
  from space 16896K, 0% used [0x00000000f6d80000,0x00000000f6d80000,0x00000000f7e00000)
  to   space 15872K, 0% used [0x00000000f7f00000,0x00000000f7f00000,0x00000000f8e80000)
 ParOldGen       total 349696K, used 349695K [0x00000000e0000000, 0x00000000f5580000, 0x00000000f5580000)
  object space 349696K, 99% used [0x00000000e0000000,0x00000000f557fd28,0x00000000f5580000)
 Metaspace       used 56717K, committed 57600K, reserved 1105920K
  class space    used 5339K, committed 5696K, reserved 1048576K
}
Event: 1849.184 GC heap after
{Heap after GC invocations=1446 (full 1361):
 PSYoungGen      total 40448K, used 24576K [0x00000000f5580000, 0x00000000f8f00000, 0x0000000100000000)
  eden space 24576K, 100% used [0x00000000f5580000,0x00000000f6d80000,0x00000000f6d80000)
  from space 15872K, 0% used [0x00000000f7f00000,0x00000000f7f00000,0x00000000f8e80000)
  to   space 16896K, 0% used [0x00000000f6d80000,0x00000000f6d80000,0x00000000f7e00000)
 ParOldGen       total 349696K, used 349694K [0x00000000e0000000, 0x00000000f5580000, 0x00000000f5580000)
  object space 349696K, 99% used [0x00000000e0000000,0x00000000f557fbd0,0x00000000f5580000)
 Metaspace       used 56717K, committed 57600K, reserved 1105920K
  class space    used 5339K, committed 5696K, reserved 1048576K
}
Event: 1849.184 GC heap before
{Heap before GC invocations=1447 (full 1362):
 PSYoungGen      total 40448K, used 24576K [0x00000000f5580000, 0x00000000f8f00000, 0x0000000100000000)
  eden space 24576K, 100% used [0x00000000f5580000,0x00000000f6d80000,0x00000000f6d80000)
  from space 15872K, 0% used [0x00000000f7f00000,0x00000000f7f00000,0x00000000f8e80000)
  to   space 16896K, 0% used [0x00000000f6d80000,0x00000000f6d80000,0x00000000f7e00000)
 ParOldGen       total 349696K, used 349695K [0x00000000e0000000, 0x00000000f5580000, 0x00000000f5580000)
  object space 349696K, 99% used [0x00000000e0000000,0x00000000f557fff8,0x00000000f5580000)
 Metaspace       used 56717K, committed 57600K, reserved 1105920K
  class space    used 5339K, committed 5696K, reserved 1048576K
}
Event: 1850.565 GC heap after
{Heap after GC invocations=1447 (full 1362):
 PSYoungGen      total 41472K, used 24576K [0x00000000f5580000, 0x00000000f8f00000, 0x0000000100000000)
  eden space 24576K, 100% used [0x00000000f5580000,0x00000000f6d80000,0x00000000f6d80000)
  from space 16896K, 0% used [0x00000000f6d80000,0x00000000f6d80000,0x00000000f7e00000)
  to   space 15872K, 0% used [0x00000000f7f00000,0x00000000f7f00000,0x00000000f8e80000)
 ParOldGen       total 349696K, used 349695K [0x00000000e0000000, 0x00000000f5580000, 0x00000000f5580000)
  object space 349696K, 99% used [0x00000000e0000000,0x00000000f557fe50,0x00000000f5580000)
 Metaspace       used 56717K, committed 57600K, reserved 1105920K
  class space    used 5339K, committed 5696K, reserved 1048576K
}
Event: 1850.565 GC heap before
{Heap before GC invocations=1448 (full 1363):
 PSYoungGen      total 41472K, used 24576K [0x00000000f5580000, 0x00000000f8f00000, 0x0000000100000000)
  eden space 24576K, 100% used [0x00000000f5580000,0x00000000f6d80000,0x00000000f6d80000)
  from space 16896K, 0% used [0x00000000f6d80000,0x00000000f6d80000,0x00000000f7e00000)
  to   space 15872K, 0% used [0x00000000f7f00000,0x00000000f7f00000,0x00000000f8e80000)
 ParOldGen       total 349696K, used 349695K [0x00000000e0000000, 0x00000000f5580000, 0x00000000f5580000)
  object space 349696K, 99% used [0x00000000e0000000,0x00000000f557fff0,0x00000000f5580000)
 Metaspace       used 56717K, committed 57600K, reserved 1105920K
  class space    used 5339K, committed 5696K, reserved 1048576K
}
Event: 1851.961 GC heap after
{Heap after GC invocations=1448 (full 1363):
 PSYoungGen      total 40448K, used 24576K [0x00000000f5580000, 0x00000000f8f00000, 0x0000000100000000)
  eden space 24576K, 100% used [0x00000000f5580000,0x00000000f6d80000,0x00000000f6d80000)
  from space 15872K, 0% used [0x00000000f7f00000,0x00000000f7f00000,0x00000000f8e80000)
  to   space 16896K, 0% used [0x00000000f6d80000,0x00000000f6d80000,0x00000000f7e00000)
 ParOldGen       total 349696K, used 349695K [0x00000000e0000000, 0x00000000f5580000, 0x00000000f5580000)
  object space 349696K, 99% used [0x00000000e0000000,0x00000000f557fe30,0x00000000f5580000)
 Metaspace       used 56717K, committed 57600K, reserved 1105920K
  class space    used 5339K, committed 5696K, reserved 1048576K
}
Event: 1851.962 GC heap before
{Heap before GC invocations=1449 (full 1364):
 PSYoungGen      total 40448K, used 24576K [0x00000000f5580000, 0x00000000f8f00000, 0x0000000100000000)
  eden space 24576K, 100% used [0x00000000f5580000,0x00000000f6d80000,0x00000000f6d80000)
  from space 15872K, 0% used [0x00000000f7f00000,0x00000000f7f00000,0x00000000f8e80000)
  to   space 16896K, 0% used [0x00000000f6d80000,0x00000000f6d80000,0x00000000f7e00000)
 ParOldGen       total 349696K, used 349695K [0x00000000e0000000, 0x00000000f5580000, 0x00000000f5580000)
  object space 349696K, 99% used [0x00000000e0000000,0x00000000f557fec0,0x00000000f5580000)
 Metaspace       used 56717K, committed 57600K, reserved 1105920K
  class space    used 5339K, committed 5696K, reserved 1048576K
}
Event: 1853.259 GC heap after
{Heap after GC invocations=1449 (full 1364):
 PSYoungGen      total 41472K, used 24576K [0x00000000f5580000, 0x00000000f8f00000, 0x0000000100000000)
  eden space 24576K, 100% used [0x00000000f5580000,0x00000000f6d80000,0x00000000f6d80000)
  from space 16896K, 0% used [0x00000000f6d80000,0x00000000f6d80000,0x00000000f7e00000)
  to   space 15872K, 0% used [0x00000000f7f00000,0x00000000f7f00000,0x00000000f8e80000)
 ParOldGen       total 349696K, used 349695K [0x00000000e0000000, 0x00000000f5580000, 0x00000000f5580000)
  object space 349696K, 99% used [0x00000000e0000000,0x00000000f557fe30,0x00000000f5580000)
 Metaspace       used 56717K, committed 57600K, reserved 1105920K
  class space    used 5339K, committed 5696K, reserved 1048576K
}
Event: 1853.259 GC heap before
{Heap before GC invocations=1450 (full 1365):
 PSYoungGen      total 41472K, used 24576K [0x00000000f5580000, 0x00000000f8f00000, 0x0000000100000000)
  eden space 24576K, 100% used [0x00000000f5580000,0x00000000f6d80000,0x00000000f6d80000)
  from space 16896K, 0% used [0x00000000f6d80000,0x00000000f6d80000,0x00000000f7e00000)
  to   space 15872K, 0% used [0x00000000f7f00000,0x00000000f7f00000,0x00000000f8e80000)
 ParOldGen       total 349696K, used 349695K [0x00000000e0000000, 0x00000000f5580000, 0x00000000f5580000)
  object space 349696K, 99% used [0x00000000e0000000,0x00000000f557fe30,0x00000000f5580000)
 Metaspace       used 56717K, committed 57600K, reserved 1105920K
  class space    used 5339K, committed 5696K, reserved 1048576K
}
Event: 1854.496 GC heap after
{Heap after GC invocations=1450 (full 1365):
 PSYoungGen      total 40448K, used 24576K [0x00000000f5580000, 0x00000000f8f00000, 0x0000000100000000)
  eden space 24576K, 100% used [0x00000000f5580000,0x00000000f6d80000,0x00000000f6d80000)
  from space 15872K, 0% used [0x00000000f7f00000,0x00000000f7f00000,0x00000000f8e80000)
  to   space 16896K, 0% used [0x00000000f6d80000,0x00000000f6d80000,0x00000000f7e00000)
 ParOldGen       total 349696K, used 349695K [0x00000000e0000000, 0x00000000f5580000, 0x00000000f5580000)
  object space 349696K, 99% used [0x00000000e0000000,0x00000000f557fe30,0x00000000f5580000)
 Metaspace       used 56717K, committed 57600K, reserved 1105920K
  class space    used 5339K, committed 5696K, reserved 1048576K
}

