# JRE version: OpenJDK Runtime Environment GraalVM CE 22.3.0 (17.0.5+8) (build 17.0.5+8-jvmci-22.3-b08)
# Java VM: OpenJDK 64-Bit Server VM GraalVM CE 22.3.0 (17.0.5+8-jvmci-22.3-b08, mixed mode, sharing, tiered, jvmci, jvmci compiler, compressed oops, compressed class ptrs, parallel gc, linux-amd64)
GC Precious Log:
 CPUs: 8 total, 1 available
 Memory: 1024M
 Large Page Support: Disabled
 NUMA Support: Disabled
 Compressed Oops: Enabled (32-bit)
 Alignments: Space 512K, Generation 512K, Heap 2M
 Heap Min Capacity: 100M
 Heap Initial Capacity: 100M
 Heap Max Capacity: 512M
 Pre-touch: Disabled
 Parallel Workers: 1
Heap:
 PSYoungGen      total 25088K, used 16383K [0x00000000f5580000, 0x00000000f7700000, 0x0000000100000000)
  eden space 16384K, 99% used [0x00000000f5580000,0x00000000f657fff0,0x00000000f6580000)
  from space 8704K, 0% used [0x00000000f6e80000,0x00000000f6e80000,0x00000000f7700000)
  to   space 8704K, 0% used [0x00000000f6580000,0x00000000f6580000,0x00000000f6e00000)
 ParOldGen       total 349696K, used 349695K [0x00000000e0000000, 0x00000000f5580000, 0x00000000f5580000)
  object space 349696K, 99% used [0x00000000e0000000,0x00000000f557fff8,0x00000000f5580000)
 Metaspace       used 62776K, committed 63552K, reserved 1114112K
  class space    used 5802K, committed 6144K, reserved 1048576K
GC Heap History (20 events):
Event: 1120.604 GC heap before
{Heap before GC invocations=960 (full 733):
 PSYoungGen      total 25088K, used 16384K [0x00000000f5580000, 0x00000000f7700000, 0x0000000100000000)
  eden space 16384K, 100% used [0x00000000f5580000,0x00000000f6580000,0x00000000f6580000)
  from space 8704K, 0% used [0x00000000f6e80000,0x00000000f6e80000,0x00000000f7700000)
  to   space 8704K, 0% used [0x00000000f6580000,0x00000000f6580000,0x00000000f6e00000)
 ParOldGen       total 349696K, used 349696K [0x00000000e0000000, 0x00000000f5580000, 0x00000000f5580000)
  object space 349696K, 100% used [0x00000000e0000000,0x00000000f5580000,0x00000000f5580000)
 Metaspace       used 62776K, committed 63552K, reserved 1114112K
  class space    used 5802K, committed 6144K, reserved 1048576K
}
Event: 1121.858 GC heap after
{Heap after GC invocations=960 (full 733):
 PSYoungGen      total 25088K, used 16383K [0x00000000f5580000, 0x00000000f7700000, 0x0000000100000000)
  eden space 16384K, 99% used [0x00000000f5580000,0x00000000f657ff60,0x00000000f6580000)
  from space 8704K, 0% used [0x00000000f6580000,0x00000000f6580000,0x00000000f6e00000)
  to   space 8704K, 0% used [0x00000000f6e80000,0x00000000f6e80000,0x00000000f7700000)
 ParOldGen       total 349696K, used 349695K [0x00000000e0000000, 0x00000000f5580000, 0x00000000f5580000)
  object space 349696K, 99% used [0x00000000e0000000,0x00000000f557ff68,0x00000000f5580000)
 Metaspace       used 62776K, committed 63552K, reserved 1114112K
  class space    used 5802K, committed 6144K, reserved 1048576K
}
Event: 1121.858 GC heap before
{Heap before GC invocations=961 (full 734):
 PSYoungGen      total 25088K, used 16384K [0x00000000f5580000, 0x00000000f7700000, 0x0000000100000000)
  eden space 16384K, 100% used [0x00000000f5580000,0x00000000f6580000,0x00000000f6580000)
  from space 8704K, 0% used [0x00000000f6580000,0x00000000f6580000,0x00000000f6e00000)
  to   space 8704K, 0% used [0x00000000f6e80000,0x00000000f6e80000,0x00000000f7700000)
 ParOldGen       total 349696K, used 349695K [0x00000000e0000000, 0x00000000f5580000, 0x00000000f5580000)
  object space 349696K, 99% used [0x00000000e0000000,0x00000000f557ff68,0x00000000f5580000)
 Metaspace       used 62776K, committed 63552K, reserved 1114112K
  class space    used 5802K, committed 6144K, reserved 1048576K
}
Event: 1123.095 GC heap after
{Heap after GC invocations=961 (full 734):
 PSYoungGen      total 25088K, used 16384K [0x00000000f5580000, 0x00000000f7700000, 0x0000000100000000)
  eden space 16384K, 100% used [0x00000000f5580000,0x00000000f6580000,0x00000000f6580000)
  from space 8704K, 0% used [0x00000000f6e80000,0x00000000f6e80000,0x00000000f7700000)
  to   space 8704K, 0% used [0x00000000f6580000,0x00000000f6580000,0x00000000f6e00000)
 ParOldGen       total 349696K, used 349695K [0x00000000e0000000, 0x00000000f5580000, 0x00000000f5580000)
  object space 349696K, 99% used [0x00000000e0000000,0x00000000f557ff68,0x00000000f5580000)
 Metaspace       used 62776K, committed 63552K, reserved 1114112K
  class space    used 5802K, committed 6144K, reserved 1048576K
}
Event: 1123.095 GC heap before
{Heap before GC invocations=962 (full 735):
 PSYoungGen      total 25088K, used 16384K [0x00000000f5580000, 0x00000000f7700000, 0x0000000100000000)
  eden space 16384K, 100% used [0x00000000f5580000,0x00000000f6580000,0x00000000f6580000)
  from space 8704K, 0% used [0x00000000f6e80000,0x00000000f6e80000,0x00000000f7700000)
  to   space 8704K, 0% used [0x00000000f6580000,0x00000000f6580000,0x00000000f6e00000)
 ParOldGen       total 349696K, used 349695K [0x00000000e0000000, 0x00000000f5580000, 0x00000000f5580000)
  object space 349696K, 99% used [0x00000000e0000000,0x00000000f557ff68,0x00000000f5580000)
 Metaspace       used 62776K, committed 63552K, reserved 1114112K
  class space    used 5802K, committed 6144K, reserved 1048576K
}
Event: 1124.201 GC heap after
{Heap after GC invocations=962 (full 735):
 PSYoungGen      total 25088K, used 16384K [0x00000000f5580000, 0x00000000f7700000, 0x0000000100000000)
  eden space 16384K, 100% used [0x00000000f5580000,0x00000000f6580000,0x00000000f6580000)
  from space 8704K, 0% used [0x00000000f6580000,0x00000000f6580000,0x00000000f6e00000)
  to   space 8704K, 0% used [0x00000000f6e80000,0x00000000f6e80000,0x00000000f7700000)
 ParOldGen       total 349696K, used 349695K [0x00000000e0000000, 0x00000000f5580000, 0x00000000f5580000)
  object space 349696K, 99% used [0x00000000e0000000,0x00000000f557ff68,0x00000000f5580000)
 Metaspace       used 62776K, committed 63552K, reserved 1114112K
  class space    used 5802K, committed 6144K, reserved 1048576K
}
Event: 1124.201 GC heap before
{Heap before GC invocations=963 (full 736):
 PSYoungGen      total 25088K, used 16384K [0x00000000f5580000, 0x00000000f7700000, 0x0000000100000000)
  eden space 16384K, 100% used [0x00000000f5580000,0x00000000f6580000,0x00000000f6580000)
  from space 8704K, 0% used [0x00000000f6580000,0x00000000f6580000,0x00000000f6e00000)
  to   space 8704K, 0% used [0x00000000f6e80000,0x00000000f6e80000,0x00000000f7700000)
 ParOldGen       total 349696K, used 349695K [0x00000000e0000000, 0x00000000f5580000, 0x00000000f5580000)
  object space 349696K, 99% used [0x00000000e0000000,0x00000000f557ffc8,0x00000000f5580000)
 Metaspace       used 62776K, committed 63552K, reserved 1114112K
  class space    used 5802K, committed 6144K, reserved 1048576K
}
Event: 1125.459 GC heap after
{Heap after GC invocations=963 (full 736):
 PSYoungGen      total 25088K, used 16384K [0x00000000f5580000, 0x00000000f7700000, 0x0000000100000000)
  eden space 16384K, 100% used [0x00000000f5580000,0x00000000f6580000,0x00000000f6580000)
  from space 8704K, 0% used [0x00000000f6e80000,0x00000000f6e80000,0x00000000f7700000)
  to   space 8704K, 0% used [0x00000000f6580000,0x00000000f6580000,0x00000000f6e00000)
 ParOldGen       total 349696K, used 349695K [0x00000000e0000000, 0x00000000f5580000, 0x00000000f5580000)
  object space 349696K, 99% used [0x00000000e0000000,0x00000000f557ffb8,0x00000000f5580000)
 Metaspace       used 62776K, committed 63552K, reserved 1114112K
  class space    used 5802K, committed 6144K, reserved 1048576K
}
Event: 1125.459 GC heap before
{Heap before GC invocations=964 (full 737):
 PSYoungGen      total 25088K, used 16384K [0x00000000f5580000, 0x00000000f7700000, 0x0000000100000000)
  eden space 16384K, 100% used [0x00000000f5580000,0x00000000f6580000,0x00000000f6580000)
  from space 8704K, 0% used [0x00000000f6e80000,0x00000000f6e80000,0x00000000f7700000)
  to   space 8704K, 0% used [0x00000000f6580000,0x00000000f6580000,0x00000000f6e00000)
 ParOldGen       total 349696K, used 349695K [0x00000000e0000000, 0x00000000f5580000, 0x00000000f5580000)
  object space 349696K, 99% used [0x00000000e0000000,0x00000000f557ffb8,0x00000000f5580000)
 Metaspace       used 62776K, committed 63552K, reserved 1114112K
  class space    used 5802K, committed 6144K, reserved 1048576K
}
Event: 1126.590 GC heap after
{Heap after GC invocations=964 (full 737):
 PSYoungGen      total 25088K, used 16384K [0x00000000f5580000, 0x00000000f7700000, 0x0000000100000000)
  eden space 16384K, 100% used [0x00000000f5580000,0x00000000f6580000,0x00000000f6580000)
  from space 8704K, 0% used [0x00000000f6580000,0x00000000f6580000,0x00000000f6e00000)
  to   space 8704K, 0% used [0x00000000f6e80000,0x00000000f6e80000,0x00000000f7700000)
 ParOldGen       total 349696K, used 349695K [0x00000000e0000000, 0x00000000f5580000, 0x00000000f5580000)
  object space 349696K, 99% used [0x00000000e0000000,0x00000000f557ffb8,0x00000000f5580000)
 Metaspace       used 62776K, committed 63552K, reserved 1114112K
  class space    used 5802K, committed 6144K, reserved 1048576K
}
Event: 1126.590 GC heap before
{Heap before GC invocations=965 (full 738):
 PSYoungGen      total 25088K, used 16384K [0x00000000f5580000, 0x00000000f7700000, 0x0000000100000000)
  eden space 16384K, 100% used [0x00000000f5580000,0x00000000f6580000,0x00000000f6580000)
  from space 8704K, 0% used [0x00000000f6580000,0x00000000f6580000,0x00000000f6e00000)
  to   space 8704K, 0% used [0x00000000f6e80000,0x00000000f6e80000,0x00000000f7700000)
 ParOldGen       total 349696K, used 349696K [0x00000000e0000000, 0x00000000f5580000, 0x00000000f5580000)
  object space 349696K, 100% used [0x00000000e0000000,0x00000000f5580000,0x00000000f5580000)
 Metaspace       used 62776K, committed 63552K, reserved 1114112K
  class space    used 5802K, committed 6144K, reserved 1048576K
}
Event: 1127.866 GC heap after
{Heap after GC invocations=965 (full 738):
 PSYoungGen      total 25088K, used 16384K [0x00000000f5580000, 0x00000000f7700000, 0x0000000100000000)
  eden space 16384K, 100% used [0x00000000f5580000,0x00000000f6580000,0x00000000f6580000)
  from space 8704K, 0% used [0x00000000f6e80000,0x00000000f6e80000,0x00000000f7700000)
  to   space 8704K, 0% used [0x00000000f6580000,0x00000000f6580000,0x00000000f6e00000)
 ParOldGen       total 349696K, used 349695K [0x00000000e0000000, 0x00000000f5580000, 0x00000000f5580000)
  object space 349696K, 99% used [0x00000000e0000000,0x00000000f557ffd0,0x00000000f5580000)
 Metaspace       used 62776K, committed 63552K, reserved 1114112K
  class space    used 5802K, committed 6144K, reserved 1048576K
}
Event: 1127.866 GC heap before
{Heap before GC invocations=966 (full 739):
 PSYoungGen      total 25088K, used 16384K [0x00000000f5580000, 0x00000000f7700000, 0x0000000100000000)
  eden space 16384K, 100% used [0x00000000f5580000,0x00000000f6580000,0x00000000f6580000)
  from space 8704K, 0% used [0x00000000f6e80000,0x00000000f6e80000,0x00000000f7700000)
  to   space 8704K, 0% used [0x00000000f6580000,0x00000000f6580000,0x00000000f6e00000)
 ParOldGen       total 349696K, used 349695K [0x00000000e0000000, 0x00000000f5580000, 0x00000000f5580000)
  object space 349696K, 99% used [0x00000000e0000000,0x00000000f557ffe0,0x00000000f5580000)
 Metaspace       used 62776K, committed 63552K, reserved 1114112K
  class space    used 5802K, committed 6144K, reserved 1048576K
}
Event: 1128.978 GC heap after
{Heap after GC invocations=966 (full 739):
 PSYoungGen      total 25088K, used 16383K [0x00000000f5580000, 0x00000000f7700000, 0x0000000100000000)
  eden space 16384K, 99% used [0x00000000f5580000,0x00000000f657ff90,0x00000000f6580000)
  from space 8704K, 0% used [0x00000000f6580000,0x00000000f6580000,0x00000000f6e00000)
  to   space 8704K, 0% used [0x00000000f6e80000,0x00000000f6e80000,0x00000000f7700000)
 ParOldGen       total 349696K, used 349695K [0x00000000e0000000, 0x00000000f5580000, 0x00000000f5580000)
  object space 349696K, 99% used [0x00000000e0000000,0x00000000f557ffb0,0x00000000f5580000)
 Metaspace       used 62776K, committed 63552K, reserved 1114112K
  class space    used 5802K, committed 6144K, reserved 1048576K
}
Event: 1128.978 GC heap before
{Heap before GC invocations=967 (full 740):
 PSYoungGen      total 25088K, used 16383K [0x00000000f5580000, 0x00000000f7700000, 0x0000000100000000)
  eden space 16384K, 99% used [0x00000000f5580000,0x00000000f657ff90,0x00000000f6580000)
  from space 8704K, 0% used [0x00000000f6580000,0x00000000f6580000,0x00000000f6e00000)
  to   space 8704K, 0% used [0x00000000f6e80000,0x00000000f6e80000,0x00000000f7700000)
 ParOldGen       total 349696K, used 349695K [0x00000000e0000000, 0x00000000f5580000, 0x00000000f5580000)
  object space 349696K, 99% used [0x00000000e0000000,0x00000000f557ffb0,0x00000000f5580000)
 Metaspace       used 62776K, committed 63552K, reserved 1114112K
  class space    used 5802K, committed 6144K, reserved 1048576K
}
Event: 1130.097 GC heap after
{Heap after GC invocations=967 (full 740):
 PSYoungGen      total 25088K, used 16383K [0x00000000f5580000, 0x00000000f7700000, 0x0000000100000000)
  eden space 16384K, 99% used [0x00000000f5580000,0x00000000f657ff90,0x00000000f6580000)
  from space 8704K, 0% used [0x00000000f6e80000,0x00000000f6e80000,0x00000000f7700000)
  to   space 8704K, 0% used [0x00000000f6580000,0x00000000f6580000,0x00000000f6e00000)
 ParOldGen       total 349696K, used 349695K [0x00000000e0000000, 0x00000000f5580000, 0x00000000f5580000)
  object space 349696K, 99% used [0x00000000e0000000,0x00000000f557ffb0,0x00000000f5580000)
 Metaspace       used 62776K, committed 63552K, reserved 1114112K
  class space    used 5802K, committed 6144K, reserved 1048576K
}
Event: 1130.097 GC heap before
{Heap before GC invocations=968 (full 741):
 PSYoungGen      total 25088K, used 16383K [0x00000000f5580000, 0x00000000f7700000, 0x0000000100000000)
  eden space 16384K, 99% used [0x00000000f5580000,0x00000000f657fff0,0x00000000f6580000)
  from space 8704K, 0% used [0x00000000f6e80000,0x00000000f6e80000,0x00000000f7700000)
  to   space 8704K, 0% used [0x00000000f6580000,0x00000000f6580000,0x00000000f6e00000)
 ParOldGen       total 349696K, used 349695K [0x00000000e0000000, 0x00000000f5580000, 0x00000000f5580000)
  object space 349696K, 99% used [0x00000000e0000000,0x00000000f557ffb0,0x00000000f5580000)
 Metaspace       used 62776K, committed 63552K, reserved 1114112K
  class space    used 5802K, committed 6144K, reserved 1048576K
}
Event: 1131.286 GC heap after
{Heap after GC invocations=968 (full 741):
 PSYoungGen      total 25088K, used 16383K [0x00000000f5580000, 0x00000000f7700000, 0x0000000100000000)
  eden space 16384K, 99% used [0x00000000f5580000,0x00000000f657ff18,0x00000000f6580000)
  from space 8704K, 0% used [0x00000000f6580000,0x00000000f6580000,0x00000000f6e00000)
  to   space 8704K, 0% used [0x00000000f6e80000,0x00000000f6e80000,0x00000000f7700000)
 ParOldGen       total 349696K, used 349695K [0x00000000e0000000, 0x00000000f5580000, 0x00000000f5580000)
  object space 349696K, 99% used [0x00000000e0000000,0x00000000f557ffb0,0x00000000f5580000)
 Metaspace       used 62776K, committed 63552K, reserved 1114112K
  class space    used 5802K, committed 6144K, reserved 1048576K
}
Event: 1131.286 GC heap before
{Heap before GC invocations=969 (full 742):
 PSYoungGen      total 25088K, used 16383K [0x00000000f5580000, 0x00000000f7700000, 0x0000000100000000)
  eden space 16384K, 99% used [0x00000000f5580000,0x00000000f657ff18,0x00000000f6580000)
  from space 8704K, 0% used [0x00000000f6580000,0x00000000f6580000,0x00000000f6e00000)
  to   space 8704K, 0% used [0x00000000f6e80000,0x00000000f6e80000,0x00000000f7700000)
 ParOldGen       total 349696K, used 349695K [0x00000000e0000000, 0x00000000f5580000, 0x00000000f5580000)
  object space 349696K, 99% used [0x00000000e0000000,0x00000000f557ffb0,0x00000000f5580000)
 Metaspace       used 62776K, committed 63552K, reserved 1114112K
  class space    used 5802K, committed 6144K, reserved 1048576K
}
Event: 1132.565 GC heap after
{Heap after GC invocations=969 (full 742):
 PSYoungGen      total 25088K, used 16383K [0x00000000f5580000, 0x00000000f7700000, 0x0000000100000000)
  eden space 16384K, 99% used [0x00000000f5580000,0x00000000f657ff18,0x00000000f6580000)
  from space 8704K, 0% used [0x00000000f6e80000,0x00000000f6e80000,0x00000000f7700000)
  to   space 8704K, 0% used [0x00000000f6580000,0x00000000f6580000,0x00000000f6e00000)
 ParOldGen       total 349696K, used 349695K [0x00000000e0000000, 0x00000000f5580000, 0x00000000f5580000)
  object space 349696K, 99% used [0x00000000e0000000,0x00000000f557ffb0,0x00000000f5580000)
 Metaspace       used 62776K, committed 63552K, reserved 1114112K
  class space    used 5802K, committed 6144K, reserved 1048576K
}

